<?xml version="1.0" encoding="UTF-8"?>
<testng-results skipped="0" failed="0" total="1" passed="1">
  <reporter-output>
  </reporter-output>
  <suite name="TestngSuite" duration-ms="5877" started-at="2020-02-08T18:50:03Z" finished-at="2020-02-08T18:50:09Z">
    <groups>
    </groups>
    <test name="Test" duration-ms="5877" started-at="2020-02-08T18:50:03Z" finished-at="2020-02-08T18:50:09Z">
      <class name="com.JenkinsMaven.automation.App">
        <test-method status="PASS" signature="test()" name="test" duration-ms="5868" started-at="2020-02-08T18:50:03Z" finished-at="2020-02-08T18:50:09Z">
        </test-method>
      </class>
    </test>
  </suite>
</testng-results>
