<?xml version="1.0" encoding="UTF-8"?>
<testng-results skipped="0" failed="0" total="1" passed="1">
  <reporter-output>
  </reporter-output>
  <suite name="Default suite" duration-ms="9485" started-at="2020-02-08T18:34:25Z" finished-at="2020-02-08T18:34:35Z">
    <groups>
    </groups>
    <test name="Default test" duration-ms="9485" started-at="2020-02-08T18:34:25Z" finished-at="2020-02-08T18:34:35Z">
      <class name="com.JenkinsMaven.automation.Test1">
        <test-method status="PASS" signature="test()" name="test" duration-ms="9465" started-at="2020-02-08T18:34:25Z" finished-at="2020-02-08T18:34:35Z">
        </test-method>
      </class>
    </test>
  </suite>
</testng-results>
